<?xml version="1.0" encoding="UTF-8"?>
<!-- Generated by org.testng.reporters.JUnitReportReporter -->
<testsuite hostname="DESKTOP-MNVU118" failures="0" tests="1" name="mavenforjenkins.Uitest" time="13.295" errors="0" timestamp="2025-09-30T15:06:57 IST" skipped="0">
  <testcase classname="mavenforjenkins.Uitest" name="startbrowser" time="13.295"/>
</testsuite> <!-- mavenforjenkins.Uitest -->
